<?xml version="1.0" encoding="UTF-8"?>
<!-- Generated by org.testng.reporters.JUnitReportReporter -->
<testsuite hostname="LAPTOP-QA1CU9CH" failures="0" tests="1" name="com.app.auto.LoginTestCaseWithBase" time="6.081" errors="0" timestamp="2025-03-03T23:15:30 IST" skipped="0">
  <testcase classname="com.app.auto.LoginTestCaseWithBase" name="login" time="6.081"/>
  <system-out/>
</testsuite> <!-- com.app.auto.LoginTestCaseWithBase -->
