<?xml version="1.0" encoding="UTF-8"?>
<!-- Generated by org.testng.reporters.JUnitReportReporter -->
<testsuite hostname="LAPTOP-QA1CU9CH" failures="0" tests="1" name="com.app.auto.LaunchBrowserTest" time="0.014" errors="0" timestamp="2025-03-01T11:43:19 IST" skipped="0">
  <testcase classname="com.app.auto.LaunchBrowserTest" name="getPageTitle" time="0.014"/>
</testsuite> <!-- com.app.auto.LaunchBrowserTest -->
