<?xml version="1.0" encoding="UTF-8"?>
<!-- Generated by org.testng.reporters.JUnitReportReporter -->
<testsuite hostname="LAPTOP-QA1CU9CH" failures="0" tests="2" name="com.app.auto.LoginTestCaseWithBase" time="11.250" errors="0" timestamp="2025-03-13T22:37:39 IST" skipped="0">
  <testcase classname="com.app.auto.LoginTestCaseWithBase" name="login" time="5.350"/>
  <testcase classname="com.app.auto.LoginTestCaseWithBase" name="login" time="5.900"/>
</testsuite> <!-- com.app.auto.LoginTestCaseWithBase -->
